<?xml version="1.0" encoding="UTF-8"?>
<!-- Generated by org.testng.reporters.JUnitReportReporter -->
<testsuite hostname="AS101353" failures="0" tests="1" name="archive_working_originals.TC1_ConnectToTestDummy1" time="15.702" errors="0" timestamp="2022-10-25T06:44:17 CST" skipped="0">
  <testcase classname="archive_working_originals.TC1_ConnectToTestDummy1" name="connectToTestDummy1" time="15.702"/>
  <system-out/>
</testsuite> <!-- archive_working_originals.TC1_ConnectToTestDummy1 -->
