<?xml version="1.0" encoding="UTF-8"?>
<!-- Generated by org.testng.reporters.JUnitReportReporter -->
<testsuite hostname="AS101353" failures="0" tests="1" name="testcases.PageTestAnnotations" time="0.014" errors="0" timestamp="2022-10-30T06:08:50 CST" skipped="0">
  <testcase classname="testcases.PageTestAnnotations" name="Test" time="0.014"/>
  <system-out/>
</testsuite> <!-- testcases.PageTestAnnotations -->
