<?xml version="1.0" encoding="UTF-8"?>
<!-- Generated by org.testng.reporters.JUnitReportReporter -->
<testsuite hostname="AS101353" failures="0" tests="1" name="testcases.browsertesting.TC2_ConnectToYoutube" time="8.854" errors="0" timestamp="2022-10-25T06:37:21 CST" skipped="0">
  <testcase classname="testcases.browsertesting.TC2_ConnectToYoutube" name="connectToGoogle" time="8.854"/>
  <system-out/>
</testsuite> <!-- testcases.browsertesting.TC2_ConnectToYoutube -->
