<?xml version="1.0" encoding="UTF-8"?>
<!-- Generated by org.testng.reporters.JUnitReportReporter -->
<testsuite hostname="AS101353" failures="0" tests="1" name="testcases.browsertesting.TC5_ConnectToKMCSolutionsAndPopulateContactUs" time="17.637" errors="0" timestamp="2022-10-25T16:20:43 CST" skipped="0">
  <testcase classname="testcases.browsertesting.TC5_ConnectToKMCSolutionsAndPopulateContactUs" name="populateContactUs" time="17.637"/>
  <system-out/>
</testsuite> <!-- testcases.browsertesting.TC5_ConnectToKMCSolutionsAndPopulateContactUs -->
