<?xml version="1.0" encoding="UTF-8"?>
<!-- Generated by org.testng.reporters.JUnitReportReporter -->
<testsuite hostname="AS101353" failures="0" tests="1" name="testcases.TC2_ConnectToYoutube" time="10.241" errors="0" timestamp="2022-10-24T23:10:16 CST" skipped="0">
  <testcase classname="testcases.TC2_ConnectToYoutube" name="connectToGoogle" time="10.241"/>
  <system-out/>
</testsuite> <!-- testcases.TC2_ConnectToYoutube -->
