<?xml version="1.0" encoding="UTF-8"?>
<!-- Generated by org.testng.reporters.JUnitReportReporter -->
<testsuite hostname="AS101353" failures="0" tests="3" name="testcases.browsertesting.TC1_ConnectToGoogle" time="13.552" errors="0" timestamp="2022-10-28T08:30:22 CST" skipped="0">
  <testcase classname="testcases.browsertesting.TC1_ConnectToGoogle" name="launchGoogle" time="5.327"/>
  <system-out/>
  <testcase classname="testcases.browsertesting.TC1_ConnectToGoogle" name="verifyLogoIsDisplayed" time="1.145"/>
  <system-out/>
  <testcase classname="testcases.browsertesting.TC1_ConnectToGoogle" name="goToGmail" time="7.080"/>
  <system-out/>
</testsuite> <!-- testcases.browsertesting.TC1_ConnectToGoogle -->
